C:\projects\lab2en\DriveControl\Logical\Global.typ
C:\projects\lab2en\DriveControl\Logical\Global.var
C:\projects\lab2en\DriveControl\Logical\Libraries\Runtime\runtime.fun
C:\projects\lab2en\DriveControl\Logical\Libraries\Runtime\runtime.typ
C:\projects\lab2en\DriveControl\Logical\Libraries\Runtime\runtime.var
C:\projects\lab2en\DriveControl\Logical\Libraries\Operator\operator.fun
C:\projects\lab2en\DriveControl\Logical\Libraries\Operator\operator.typ
C:\projects\lab2en\DriveControl\Logical\Libraries\Operator\operator.var
C:\projects\lab2en\DriveControl\Logical\Libraries\AsIecCon\AsIecCon.fun
C:\projects\lab2en\DriveControl\Logical\Libraries\AsIecCon\AsIecCon.typ
C:\projects\lab2en\DriveControl\Logical\Libraries\AsIecCon\AsIecCon.var
C:\projects\lab2en\DriveControl\Logical\Libraries\astime\astime.fun
C:\projects\lab2en\DriveControl\Logical\Libraries\astime\astime.typ
C:\projects\lab2en\DriveControl\Logical\Libraries\astime\astime.var
C:\projects\lab2en\DriveControl\Logical\Libraries\sys_lib\sys_lib.fun
C:\projects\lab2en\DriveControl\Logical\Libraries\sys_lib\sys_lib.typ
C:\projects\lab2en\DriveControl\Logical\Libraries\sys_lib\sys_lib.var
C:\projects\lab2en\DriveControl\Logical\Libraries\asstring\asstring.fun
C:\projects\lab2en\DriveControl\Logical\Libraries\asstring\asstring.typ
C:\projects\lab2en\DriveControl\Logical\Libraries\asstring\asstring.var
