<?xml version="1.0" encoding="utf-8"?>
<?AutomationStudio Version="4.2.5.388"?>
<Objects>
  <Object
    Path="C:\projects\lab2en\DriveControl\Logical\Package.pkg"
    LogicalPath=""
    Type="Package"
    LastWriteTime="131485814755119462" />
  <Object
    Path="C:\projects\lab2en\DriveControl\Logical\Global.typ"
    LogicalPath="Global.typ"
    Type="File"
    LastWriteTime="131200510240000000"
    Private="false" />
  <Object
    Path="C:\projects\lab2en\DriveControl\Logical\Global.var"
    LogicalPath="Global.var"
    Type="File"
    LastWriteTime="131485815383467366"
    Private="false" />
  <Object
    Path="C:\projects\lab2en\DriveControl\Logical\Libraries\Package.pkg"
    LogicalPath="Libraries"
    Type="Package"
    LastWriteTime="131485814585834957" />
  <Object
    Path="C:\projects\lab2en\DriveControl\Logical\Libraries\Runtime\Binary.lby"
    LogicalPath="Libraries.Runtime"
    Type="Library"
    LastWriteTime="131091691340000000" />
  <Object
    Path="C:\projects\lab2en\DriveControl\Logical\Libraries\Runtime\runtime.fun"
    LogicalPath="Libraries.Runtime.runtime.fun"
    Type="File"
    LastWriteTime="131091691340000000"
    Private="false" />
  <Object
    Path="C:\projects\lab2en\DriveControl\Logical\Libraries\Runtime\runtime.typ"
    LogicalPath="Libraries.Runtime.runtime.typ"
    Type="File"
    LastWriteTime="131091691340000000"
    Private="false" />
  <Object
    Path="C:\projects\lab2en\DriveControl\Logical\Libraries\Runtime\runtime.var"
    LogicalPath="Libraries.Runtime.runtime.var"
    Type="File"
    LastWriteTime="131091691340000000"
    Private="false" />
  <Object
    Path="C:\projects\lab2en\DriveControl\Logical\Libraries\Operator\Binary.lby"
    LogicalPath="Libraries.Operator"
    Type="Library"
    LastWriteTime="131091691340000000" />
  <Object
    Path="C:\projects\lab2en\DriveControl\Logical\Libraries\Operator\operator.fun"
    LogicalPath="Libraries.Operator.operator.fun"
    Type="File"
    LastWriteTime="131091691340000000"
    Private="false" />
  <Object
    Path="C:\projects\lab2en\DriveControl\Logical\Libraries\Operator\operator.typ"
    LogicalPath="Libraries.Operator.operator.typ"
    Type="File"
    LastWriteTime="131091691340000000"
    Private="false" />
  <Object
    Path="C:\projects\lab2en\DriveControl\Logical\Libraries\Operator\operator.var"
    LogicalPath="Libraries.Operator.operator.var"
    Type="File"
    LastWriteTime="131091691340000000"
    Private="false" />
  <Object
    Path="C:\projects\lab2en\DriveControl\Logical\Libraries\AsIecCon\Binary.lby"
    LogicalPath="Libraries.AsIecCon"
    Type="Library"
    LastWriteTime="131091691340000000" />
  <Object
    Path="C:\projects\lab2en\DriveControl\Logical\Libraries\AsIecCon\AsIecCon.fun"
    LogicalPath="Libraries.AsIecCon.AsIecCon.fun"
    Type="File"
    LastWriteTime="131091691340000000"
    Private="false" />
  <Object
    Path="C:\projects\lab2en\DriveControl\Logical\Libraries\AsIecCon\AsIecCon.typ"
    LogicalPath="Libraries.AsIecCon.AsIecCon.typ"
    Type="File"
    LastWriteTime="131091691340000000"
    Private="false" />
  <Object
    Path="C:\projects\lab2en\DriveControl\Logical\Libraries\AsIecCon\AsIecCon.var"
    LogicalPath="Libraries.AsIecCon.AsIecCon.var"
    Type="File"
    LastWriteTime="131091691340000000"
    Private="false" />
  <Object
    Path="C:\projects\lab2en\DriveControl\Logical\Libraries\astime\Binary.lby"
    LogicalPath="Libraries.astime"
    Type="Library"
    LastWriteTime="131091691340000000" />
  <Object
    Path="C:\projects\lab2en\DriveControl\Logical\Libraries\astime\astime.fun"
    LogicalPath="Libraries.astime.astime.fun"
    Type="File"
    LastWriteTime="131091691340000000"
    Private="false" />
  <Object
    Path="C:\projects\lab2en\DriveControl\Logical\Libraries\astime\astime.typ"
    LogicalPath="Libraries.astime.astime.typ"
    Type="File"
    LastWriteTime="131091691340000000"
    Private="false" />
  <Object
    Path="C:\projects\lab2en\DriveControl\Logical\Libraries\astime\astime.var"
    LogicalPath="Libraries.astime.astime.var"
    Type="File"
    LastWriteTime="131091691340000000"
    Private="false" />
  <Object
    Path="C:\projects\lab2en\DriveControl\Logical\Libraries\sys_lib\Binary.lby"
    LogicalPath="Libraries.sys_lib"
    Type="Library"
    LastWriteTime="131194456100000000" />
  <Object
    Path="C:\projects\lab2en\DriveControl\Logical\Libraries\sys_lib\sys_lib.fun"
    LogicalPath="Libraries.sys_lib.sys_lib.fun"
    Type="File"
    LastWriteTime="131194456100000000"
    Private="false" />
  <Object
    Path="C:\projects\lab2en\DriveControl\Logical\Libraries\sys_lib\sys_lib.typ"
    LogicalPath="Libraries.sys_lib.sys_lib.typ"
    Type="File"
    LastWriteTime="131194456100000000"
    Private="false" />
  <Object
    Path="C:\projects\lab2en\DriveControl\Logical\Libraries\sys_lib\sys_lib.var"
    LogicalPath="Libraries.sys_lib.sys_lib.var"
    Type="File"
    LastWriteTime="131194456100000000"
    Private="false" />
  <Object
    Path="C:\projects\lab2en\DriveControl\Logical\Libraries\asstring\Binary.lby"
    LogicalPath="Libraries.asstring"
    Type="Library"
    LastWriteTime="131194456160000000" />
  <Object
    Path="C:\projects\lab2en\DriveControl\Logical\Libraries\asstring\asstring.fun"
    LogicalPath="Libraries.asstring.asstring.fun"
    Type="File"
    LastWriteTime="131194456160000000"
    Private="false" />
  <Object
    Path="C:\projects\lab2en\DriveControl\Logical\Libraries\asstring\asstring.typ"
    LogicalPath="Libraries.asstring.asstring.typ"
    Type="File"
    LastWriteTime="131194456160000000"
    Private="false" />
  <Object
    Path="C:\projects\lab2en\DriveControl\Logical\Libraries\asstring\asstring.var"
    LogicalPath="Libraries.asstring.asstring.var"
    Type="File"
    LastWriteTime="131194456160000000"
    Private="false" />
  <Object
    Path="C:\projects\lab2en\DriveControl\Physical\SampleText\Config.pkg"
    LogicalPath="SampleText"
    Type="Configuration"
    LastWriteTime="131194447020000000" />
  <Object
    Path="C:\projects\lab2en\DriveControl\Physical\SampleText\Hardware.hw"
    LogicalPath="SampleText.Hardware.hw"
    Type="File"
    LastWriteTime="131236016340000000"
    Private="false" />
  <Object
    Path="C:\projects\lab2en\DriveControl\Physical\SampleText\Hardware.hwl"
    LogicalPath="SampleText.Hardware.hwl"
    Type="File"
    LastWriteTime="131230791800000000"
    Private="false" />
  <Object
    Path="C:\projects\lab2en\DriveControl\Physical\SampleText\4PP065_0571_P74\Cpu.pkg"
    LogicalPath="SampleText.4PP065_0571_P74"
    Type="Cpu"
    LastWriteTime="131485814901846844" />
  <Object
    Path="C:\projects\lab2en\DriveControl\Physical\SampleText\4PP065_0571_P74\Cpu.sw"
    LogicalPath="SampleText.4PP065_0571_P74.Cpu.sw"
    Type="File"
    LastWriteTime="131485814755450047"
    Private="false" />
  <Object
    Path="C:\projects\lab2en\DriveControl\Physical\SampleText\4PP065_0571_P74\Cpu.per"
    LogicalPath="SampleText.4PP065_0571_P74.Cpu.per"
    Type="File"
    LastWriteTime="131194447000000000"
    Private="false" />
  <Object
    Path="C:\projects\lab2en\DriveControl\Physical\SampleText\4PP065_0571_P74\IoMap.iom"
    LogicalPath="SampleText.4PP065_0571_P74.IoMap.iom"
    Type="File"
    LastWriteTime="131485815225652369"
    Private="false" />
  <Object
    Path="C:\projects\lab2en\DriveControl\Physical\SampleText\4PP065_0571_P74\PvMap.vvm"
    LogicalPath="SampleText.4PP065_0571_P74.PvMap.vvm"
    Type="File"
    LastWriteTime="131194447000000000"
    Private="false" />
  <Object
    Path="C:\projects\lab2en\DriveControl\Physical\SampleText\4PP065_0571_P74\mapp\Package.pkg"
    LogicalPath="SampleText.4PP065_0571_P74.mapp"
    Type="Package"
    LastWriteTime="131194447000000000" />
  <Object
    Path="C:\projects\lab2en\DriveControl\Physical\SampleText\4PP065_0571_P74\Connectivity\Package.pkg"
    LogicalPath="SampleText.4PP065_0571_P74.Connectivity"
    Type="Package"
    LastWriteTime="131194447000000000" />
  <Object
    Path="C:\projects\lab2en\DriveControl\Physical\SampleText\4PP065_0571_P74\Connectivity\OpcUA\Package.pkg"
    LogicalPath="SampleText.4PP065_0571_P74.Connectivity.OpcUA"
    Type="Package"
    LastWriteTime="131194447000000000" />
  <Object
    Path="C:\projects\lab2en\DriveControl\Physical\SampleText\4PP065_0571_P74\TextSystem\Package.pkg"
    LogicalPath="SampleText.4PP065_0571_P74.TextSystem"
    Type="Package"
    LastWriteTime="131194447000000000" />
  <Object
    Path="C:\projects\lab2en\DriveControl\Physical\SampleText\4PP065_0571_P74\AccessAndSecurity\Package.pkg"
    LogicalPath="SampleText.4PP065_0571_P74.AccessAndSecurity"
    Type="Package"
    LastWriteTime="131194447000000000" />
  <Object
    Path="C:\projects\lab2en\DriveControl\Physical\SampleText\4PP065_0571_P74\AccessAndSecurity\UserRoleSystem\Package.pkg"
    LogicalPath="SampleText.4PP065_0571_P74.AccessAndSecurity.UserRoleSystem"
    Type="Package"
    LastWriteTime="131194447000000000" />
  <Object
    Path="C:\projects\lab2en\DriveControl\Physical\SampleText\4PP065_0571_P74\AccessAndSecurity\UserRoleSystem\Role.role"
    LogicalPath="SampleText.4PP065_0571_P74.AccessAndSecurity.UserRoleSystem.Role.role"
    Type="File"
    LastWriteTime="131194447000000000"
    Private="false" />
  <Object
    Path="C:\projects\lab2en\DriveControl\Physical\SampleText\4PP065_0571_P74\AccessAndSecurity\UserRoleSystem\User.user"
    LogicalPath="SampleText.4PP065_0571_P74.AccessAndSecurity.UserRoleSystem.User.user"
    Type="File"
    LastWriteTime="131194447000000000"
    Private="false" />
  <Object
    Path="C:\projects\lab2en\DriveControl\Physical\SampleText\4PP065_0571_P74\AccessAndSecurity\CertificateStore\Package.pkg"
    LogicalPath="SampleText.4PP065_0571_P74.AccessAndSecurity.CertificateStore"
    Type="Package"
    LastWriteTime="131194447000000000" />
  <Object
    Path="C:\projects\lab2en\DriveControl\Physical\SampleText\4PP065_0571_P74\AccessAndSecurity\CertificateStore\OwnCertificates\Package.pkg"
    LogicalPath="SampleText.4PP065_0571_P74.AccessAndSecurity.CertificateStore.OwnCertificates"
    Type="Package"
    LastWriteTime="131194447000000000" />
  <Object
    Path="C:\projects\lab2en\DriveControl\Physical\SampleText\4PP065_0571_P74\AccessAndSecurity\CertificateStore\OwnCertificates\Certificates\Package.pkg"
    LogicalPath="SampleText.4PP065_0571_P74.AccessAndSecurity.CertificateStore.OwnCertificates.Certificates"
    Type="Package"
    LastWriteTime="131194447000000000" />
  <Object
    Path="C:\projects\lab2en\DriveControl\Physical\SampleText\4PP065_0571_P74\AccessAndSecurity\CertificateStore\OwnCertificates\PrivateKeys\Package.pkg"
    LogicalPath="SampleText.4PP065_0571_P74.AccessAndSecurity.CertificateStore.OwnCertificates.PrivateKeys"
    Type="Package"
    LastWriteTime="131194447000000000" />
  <Object
    Path="C:\projects\lab2en\DriveControl\Physical\SampleText\4PP065_0571_P74\AccessAndSecurity\CertificateStore\ThirdPartyCertificates\Package.pkg"
    LogicalPath="SampleText.4PP065_0571_P74.AccessAndSecurity.CertificateStore.ThirdPartyCertificates"
    Type="Package"
    LastWriteTime="131194447000000000" />
  <Object
    Path="C:\projects\lab2en\DriveControl\Physical\SampleText\4PP065_0571_P74\AccessAndSecurity\CertificateStore\ThirdPartyCertificates\SoftwareCertificates\Package.pkg"
    LogicalPath="SampleText.4PP065_0571_P74.AccessAndSecurity.CertificateStore.ThirdPartyCertificates.SoftwareCertificates"
    Type="Package"
    LastWriteTime="131194447000000000" />
  <Object
    Path="C:\projects\lab2en\DriveControl\Physical\SampleText\4PP065_0571_P74\AccessAndSecurity\CertificateStore\CertificateRevocationLists\Package.pkg"
    LogicalPath="SampleText.4PP065_0571_P74.AccessAndSecurity.CertificateStore.CertificateRevocationLists"
    Type="Package"
    LastWriteTime="131194447000000000" />
  <Object
    Path="C:\projects\lab2en\DriveControl\Physical\SampleText\4PP065_0571_P74\AccessAndSecurity\CertificateStore\CertificateSigningRequests\Package.pkg"
    LogicalPath="SampleText.4PP065_0571_P74.AccessAndSecurity.CertificateStore.CertificateSigningRequests"
    Type="Package"
    LastWriteTime="131194447000000000" />
  <Object
    Path="C:\projects\lab2en\DriveControl\Physical\SampleText\4PP065_0571_P74\AccessAndSecurity\TransportLayerSecurity\Package.pkg"
    LogicalPath="SampleText.4PP065_0571_P74.AccessAndSecurity.TransportLayerSecurity"
    Type="Package"
    LastWriteTime="131194447000000000" />
  <Object
    Path="C:\projects\lab2en\DriveControl\Physical\SampleText\Hardware.jpg"
    LogicalPath="SampleText.Hardware.jpg"
    Type="File"
    LastWriteTime="131230791800000000"
    Private="false" />
  <Object
    Path="C:\projects\lab2en\DriveControl\Logical\Libraries\AsIecCon\SG4\AsIecCon.h"
    LogicalPath="AsIecCon.h"
    Type="File"
    LastWriteTime="131091691340000000"
    Private="false" />
  <Object
    Path="C:\projects\lab2en\DriveControl\Logical\Libraries\asstring\SG4\asstring.h"
    LogicalPath="asstring.h"
    Type="File"
    LastWriteTime="131118756640000000"
    Private="false" />
  <Object
    Path="C:\projects\lab2en\DriveControl\Logical\Libraries\astime\SG4\astime.h"
    LogicalPath="astime.h"
    Type="File"
    LastWriteTime="131091691340000000"
    Private="false" />
  <Object
    Path="C:\projects\lab2en\DriveControl\Logical\Libraries\Operator\SG4\Operator.h"
    LogicalPath="Operator.h"
    Type="File"
    LastWriteTime="131091691340000000"
    Private="false" />
  <Object
    Path="C:\projects\lab2en\DriveControl\Logical\Libraries\Runtime\SG4\Runtime.h"
    LogicalPath="Runtime.h"
    Type="File"
    LastWriteTime="131091691340000000"
    Private="false" />
  <Object
    Path="C:\projects\lab2en\DriveControl\Logical\Libraries\sys_lib\SG4\sys_lib.h"
    LogicalPath="sys_lib.h"
    Type="File"
    LastWriteTime="131118756700000000"
    Private="false" />
</Objects>